Analysis & Synthesis report for Rush3dNano
Mon Apr 13 09:13:33 2020
Quartus Prime Version 19.1.0 Build 670 09/22/2019 SJ Lite Edition


---------------------
; Table of Contents ;
---------------------
  1. Legal Notice
  2. Analysis & Synthesis Summary
  3. Analysis & Synthesis Settings
  4. Parallel Compilation
  5. Analysis & Synthesis Source Files Read
  6. Analysis & Synthesis Resource Usage Summary
  7. Analysis & Synthesis Resource Utilization by Entity
  8. Analysis & Synthesis IP Cores Summary
  9. General Register Statistics
 10. Inverted Register Statistics
 11. Multiplexer Restructuring Statistics (Restructuring Performed)
 12. Parameter Settings for User Entity Instance: PLL:systemClockToPixel|PLL_0002:pll_inst|altera_pll:altera_pll_i
 13. Parameter Settings for User Entity Instance: FreqDivider:slowClock
 14. Parameter Settings for User Entity Instance: HdmiOutput:HdmiOutput
 15. Port Connectivity Checks: "PLL:systemClockToPixel"
 16. Post-Synthesis Netlist Statistics for Top Partition
 17. Elapsed Time Per Partition
 18. Analysis & Synthesis Messages
 19. Analysis & Synthesis Suppressed Messages



----------------
; Legal Notice ;
----------------
Copyright (C) 2019  Intel Corporation. All rights reserved.
Your use of Intel Corporation's design tools, logic functions 
and other software and tools, and any partner logic 
functions, and any output files from any of the foregoing 
(including device programming or simulation files), and any 
associated documentation or information are expressly subject 
to the terms and conditions of the Intel Program License 
Subscription Agreement, the Intel Quartus Prime License Agreement,
the Intel FPGA IP License Agreement, or other applicable license
agreement, including, without limitation, that your use is for
the sole purpose of programming logic devices manufactured by
Intel and sold by Intel or its authorized distributors.  Please
refer to the applicable agreement for further details, at
https://fpgasoftware.intel.com/eula.



+-------------------------------------------------------------------------------+
; Analysis & Synthesis Summary                                                  ;
+---------------------------------+---------------------------------------------+
; Analysis & Synthesis Status     ; Successful - Mon Apr 13 09:13:33 2020       ;
; Quartus Prime Version           ; 19.1.0 Build 670 09/22/2019 SJ Lite Edition ;
; Revision Name                   ; Rush3dNano                                  ;
; Top-level Entity Name           ; Rush3dNano                                  ;
; Family                          ; Cyclone V                                   ;
; Logic utilization (in ALMs)     ; N/A                                         ;
; Total registers                 ; 70                                          ;
; Total pins                      ; 37                                          ;
; Total virtual pins              ; 0                                           ;
; Total block memory bits         ; 0                                           ;
; Total DSP Blocks                ; 0                                           ;
; Total HSSI RX PCSs              ; 0                                           ;
; Total HSSI PMA RX Deserializers ; 0                                           ;
; Total HSSI TX PCSs              ; 0                                           ;
; Total HSSI PMA TX Serializers   ; 0                                           ;
; Total PLLs                      ; 1                                           ;
; Total DLLs                      ; 0                                           ;
+---------------------------------+---------------------------------------------+


+---------------------------------------------------------------------------------------------------------------------------+
; Analysis & Synthesis Settings                                                                                             ;
+---------------------------------------------------------------------------------+--------------------+--------------------+
; Option                                                                          ; Setting            ; Default Value      ;
+---------------------------------------------------------------------------------+--------------------+--------------------+
; Device                                                                          ; 5CSEBA6U23I7DK     ;                    ;
; Top-level entity name                                                           ; Rush3dNano         ; Rush3dNano         ;
; Family name                                                                     ; Cyclone V          ; Cyclone V          ;
; Use smart compilation                                                           ; Off                ; Off                ;
; Enable parallel Assembler and Timing Analyzer during compilation                ; On                 ; On                 ;
; Enable compact report table                                                     ; Off                ; Off                ;
; Restructure Multiplexers                                                        ; Auto               ; Auto               ;
; MLAB Add Timing Constraints For Mixed-Port Feed-Through Mode Setting Don't Care ; Off                ; Off                ;
; Create Debugging Nodes for IP Cores                                             ; Off                ; Off                ;
; Preserve fewer node names                                                       ; On                 ; On                 ;
; Intel FPGA IP Evaluation Mode                                                   ; Enable             ; Enable             ;
; Verilog Version                                                                 ; Verilog_2001       ; Verilog_2001       ;
; VHDL Version                                                                    ; VHDL_1993          ; VHDL_1993          ;
; State Machine Processing                                                        ; Auto               ; Auto               ;
; Safe State Machine                                                              ; Off                ; Off                ;
; Extract Verilog State Machines                                                  ; On                 ; On                 ;
; Extract VHDL State Machines                                                     ; On                 ; On                 ;
; Ignore Verilog initial constructs                                               ; Off                ; Off                ;
; Iteration limit for constant Verilog loops                                      ; 5000               ; 5000               ;
; Iteration limit for non-constant Verilog loops                                  ; 250                ; 250                ;
; Add Pass-Through Logic to Inferred RAMs                                         ; On                 ; On                 ;
; Infer RAMs from Raw Logic                                                       ; On                 ; On                 ;
; Parallel Synthesis                                                              ; On                 ; On                 ;
; DSP Block Balancing                                                             ; Auto               ; Auto               ;
; NOT Gate Push-Back                                                              ; On                 ; On                 ;
; Power-Up Don't Care                                                             ; On                 ; On                 ;
; Remove Redundant Logic Cells                                                    ; Off                ; Off                ;
; Remove Duplicate Registers                                                      ; On                 ; On                 ;
; Ignore CARRY Buffers                                                            ; Off                ; Off                ;
; Ignore CASCADE Buffers                                                          ; Off                ; Off                ;
; Ignore GLOBAL Buffers                                                           ; Off                ; Off                ;
; Ignore ROW GLOBAL Buffers                                                       ; Off                ; Off                ;
; Ignore LCELL Buffers                                                            ; Off                ; Off                ;
; Ignore SOFT Buffers                                                             ; On                 ; On                 ;
; Limit AHDL Integers to 32 Bits                                                  ; Off                ; Off                ;
; Optimization Technique                                                          ; Balanced           ; Balanced           ;
; Carry Chain Length                                                              ; 70                 ; 70                 ;
; Auto Carry Chains                                                               ; On                 ; On                 ;
; Auto Open-Drain Pins                                                            ; On                 ; On                 ;
; Perform WYSIWYG Primitive Resynthesis                                           ; Off                ; Off                ;
; Auto ROM Replacement                                                            ; On                 ; On                 ;
; Auto RAM Replacement                                                            ; On                 ; On                 ;
; Auto DSP Block Replacement                                                      ; On                 ; On                 ;
; Auto Shift Register Replacement                                                 ; Auto               ; Auto               ;
; Allow Shift Register Merging across Hierarchies                                 ; Auto               ; Auto               ;
; Auto Clock Enable Replacement                                                   ; On                 ; On                 ;
; Strict RAM Replacement                                                          ; Off                ; Off                ;
; Allow Synchronous Control Signals                                               ; On                 ; On                 ;
; Force Use of Synchronous Clear Signals                                          ; Off                ; Off                ;
; Auto Resource Sharing                                                           ; Off                ; Off                ;
; Allow Any RAM Size For Recognition                                              ; Off                ; Off                ;
; Allow Any ROM Size For Recognition                                              ; Off                ; Off                ;
; Allow Any Shift Register Size For Recognition                                   ; Off                ; Off                ;
; Use LogicLock Constraints during Resource Balancing                             ; On                 ; On                 ;
; Ignore translate_off and synthesis_off directives                               ; Off                ; Off                ;
; Timing-Driven Synthesis                                                         ; On                 ; On                 ;
; Report Parameter Settings                                                       ; On                 ; On                 ;
; Report Source Assignments                                                       ; On                 ; On                 ;
; Report Connectivity Checks                                                      ; On                 ; On                 ;
; Ignore Maximum Fan-Out Assignments                                              ; Off                ; Off                ;
; Synchronization Register Chain Length                                           ; 3                  ; 3                  ;
; Power Optimization During Synthesis                                             ; Normal compilation ; Normal compilation ;
; HDL message level                                                               ; Level2             ; Level2             ;
; Suppress Register Optimization Related Messages                                 ; Off                ; Off                ;
; Number of Removed Registers Reported in Synthesis Report                        ; 5000               ; 5000               ;
; Number of Swept Nodes Reported in Synthesis Report                              ; 5000               ; 5000               ;
; Number of Inverted Registers Reported in Synthesis Report                       ; 100                ; 100                ;
; Clock MUX Protection                                                            ; On                 ; On                 ;
; Auto Gated Clock Conversion                                                     ; Off                ; Off                ;
; Block Design Naming                                                             ; Auto               ; Auto               ;
; SDC constraint protection                                                       ; Off                ; Off                ;
; Synthesis Effort                                                                ; Auto               ; Auto               ;
; Shift Register Replacement - Allow Asynchronous Clear Signal                    ; On                 ; On                 ;
; Pre-Mapping Resynthesis Optimization                                            ; Off                ; Off                ;
; Analysis & Synthesis Message Level                                              ; Medium             ; Medium             ;
; Disable Register Merging Across Hierarchies                                     ; Auto               ; Auto               ;
; Resource Aware Inference For Block RAM                                          ; On                 ; On                 ;
; Automatic Parallel Synthesis                                                    ; On                 ; On                 ;
; Partial Reconfiguration Bitstream ID                                            ; Off                ; Off                ;
+---------------------------------------------------------------------------------+--------------------+--------------------+


+------------------------------------------+
; Parallel Compilation                     ;
+----------------------------+-------------+
; Processors                 ; Number      ;
+----------------------------+-------------+
; Number detected on machine ; 4           ;
; Maximum allowed            ; 2           ;
;                            ;             ;
; Average used               ; 1.00        ;
; Maximum used               ; 2           ;
;                            ;             ;
; Usage by Processor         ; % Time Used ;
;     Processor 1            ; 100.0%      ;
;     Processor 2            ;   0.0%      ;
+----------------------------+-------------+


+------------------------------------------------------------------------------------------------------------------------------------------------------------+
; Analysis & Synthesis Source Files Read                                                                                                                     ;
+----------------------------------+-----------------+-----------------------------+---------------------------------------------------------------+---------+
; File Name with User-Entered Path ; Used in Netlist ; File Type                   ; File Name with Absolute Path                                  ; Library ;
+----------------------------------+-----------------+-----------------------------+---------------------------------------------------------------+---------+
; Rush3dNano.v                     ; yes             ; User Verilog HDL File       ; /home/jallan/Rush3dNano/Rush3dNano.v                          ;         ;
; I2C.v                            ; yes             ; User Verilog HDL File       ; /home/jallan/Rush3dNano/I2C.v                                 ;         ;
; HdmiOutput.v                     ; yes             ; User Verilog HDL File       ; /home/jallan/Rush3dNano/HdmiOutput.v                          ;         ;
; I2CData.v                        ; yes             ; User Verilog HDL File       ; /home/jallan/Rush3dNano/I2CData.v                             ;         ;
; FreqDivider.v                    ; yes             ; User Verilog HDL File       ; /home/jallan/Rush3dNano/FreqDivider.v                         ;         ;
; PLL.v                            ; yes             ; User Wizard-Generated File  ; /home/jallan/Rush3dNano/PLL.v                                 ; PLL     ;
; PLL/PLL_0002.v                   ; yes             ; User Verilog HDL File       ; /home/jallan/Rush3dNano/PLL/PLL_0002.v                        ; PLL     ;
; altera_pll.v                     ; yes             ; Megafunction                ; /opt/altera/19.1/quartus/libraries/megafunctions/altera_pll.v ;         ;
+----------------------------------+-----------------+-----------------------------+---------------------------------------------------------------+---------+


+----------------------------------------------------------------+
; Analysis & Synthesis Resource Usage Summary                    ;
+---------------------------------------------+------------------+
; Resource                                    ; Usage            ;
+---------------------------------------------+------------------+
; Estimate of Logic utilization (ALMs needed) ; 67               ;
;                                             ;                  ;
; Combinational ALUT usage for logic          ; 108              ;
;     -- 7 input functions                    ; 3                ;
;     -- 6 input functions                    ; 23               ;
;     -- 5 input functions                    ; 20               ;
;     -- 4 input functions                    ; 20               ;
;     -- <=3 input functions                  ; 42               ;
;                                             ;                  ;
; Dedicated logic registers                   ; 70               ;
;                                             ;                  ;
; I/O pins                                    ; 37               ;
;                                             ;                  ;
; Total DSP Blocks                            ; 0                ;
;                                             ;                  ;
; Total PLLs                                  ; 3                ;
;     -- PLLs                                 ; 3                ;
;                                             ;                  ;
; Maximum fan-out node                        ; reset_KEY0~input ;
; Maximum fan-out                             ; 39               ;
; Total fan-out                               ; 708              ;
; Average fan-out                             ; 2.77             ;
+---------------------------------------------+------------------+


+---------------------------------------------------------------------------------------------------------------------------------------------------------------------------------------------------------------------------------------------------------+
; Analysis & Synthesis Resource Utilization by Entity                                                                                                                                                                                                     ;
+------------------------------------+---------------------+---------------------------+-------------------+------------+------+--------------+------------------------------------------------------------------------------+-------------+--------------+
; Compilation Hierarchy Node         ; Combinational ALUTs ; Dedicated Logic Registers ; Block Memory Bits ; DSP Blocks ; Pins ; Virtual Pins ; Full Hierarchy Name                                                          ; Entity Name ; Library Name ;
+------------------------------------+---------------------+---------------------------+-------------------+------------+------+--------------+------------------------------------------------------------------------------+-------------+--------------+
; |Rush3dNano                        ; 108 (0)             ; 70 (0)                    ; 0                 ; 0          ; 37   ; 0            ; |Rush3dNano                                                                  ; Rush3dNano  ; work         ;
;    |FreqDivider:slowClock|         ; 11 (11)             ; 9 (9)                     ; 0                 ; 0          ; 0    ; 0            ; |Rush3dNano|FreqDivider:slowClock                                            ; FreqDivider ; work         ;
;    |HdmiOutput:HdmiOutput|         ; 41 (41)             ; 27 (27)                   ; 0                 ; 0          ; 0    ; 0            ; |Rush3dNano|HdmiOutput:HdmiOutput                                            ; HdmiOutput  ; work         ;
;    |I2C:startConfig|               ; 56 (40)             ; 34 (18)                   ; 0                 ; 0          ; 0    ; 0            ; |Rush3dNano|I2C:startConfig                                                  ; I2C         ; work         ;
;       |I2CData:SerialData|         ; 16 (16)             ; 16 (16)                   ; 0                 ; 0          ; 0    ; 0            ; |Rush3dNano|I2C:startConfig|I2CData:SerialData                               ; I2CData     ; work         ;
;    |PLL:systemClockToPixel|        ; 0 (0)               ; 0 (0)                     ; 0                 ; 0          ; 0    ; 0            ; |Rush3dNano|PLL:systemClockToPixel                                           ; PLL         ; PLL          ;
;       |PLL_0002:pll_inst|          ; 0 (0)               ; 0 (0)                     ; 0                 ; 0          ; 0    ; 0            ; |Rush3dNano|PLL:systemClockToPixel|PLL_0002:pll_inst                         ; PLL_0002    ; PLL          ;
;          |altera_pll:altera_pll_i| ; 0 (0)               ; 0 (0)                     ; 0                 ; 0          ; 0    ; 0            ; |Rush3dNano|PLL:systemClockToPixel|PLL_0002:pll_inst|altera_pll:altera_pll_i ; altera_pll  ; work         ;
+------------------------------------+---------------------+---------------------------+-------------------+------------+------+--------------+------------------------------------------------------------------------------+-------------+--------------+
Note: For table entries with two numbers listed, the numbers in parentheses indicate the number of resources of the given type used by the specific entity alone. The numbers listed outside of parentheses indicate the total resources of the given type used by the specific entity and all of its sub-entities in the hierarchy.


+----------------------------------------------------------------------------------------------------------------------+
; Analysis & Synthesis IP Cores Summary                                                                                ;
+--------+--------------+---------+--------------+--------------+------------------------------------+-----------------+
; Vendor ; IP Core Name ; Version ; Release Date ; License Type ; Entity Instance                    ; IP Include File ;
+--------+--------------+---------+--------------+--------------+------------------------------------+-----------------+
; Altera ; altera_pll   ; 19.1    ; N/A          ; N/A          ; |Rush3dNano|PLL:systemClockToPixel ; PLL.v           ;
+--------+--------------+---------+--------------+--------------+------------------------------------+-----------------+


+------------------------------------------------------+
; General Register Statistics                          ;
+----------------------------------------------+-------+
; Statistic                                    ; Value ;
+----------------------------------------------+-------+
; Total registers                              ; 70    ;
; Number of registers using Synchronous Clear  ; 37    ;
; Number of registers using Synchronous Load   ; 0     ;
; Number of registers using Asynchronous Clear ; 40    ;
; Number of registers using Asynchronous Load  ; 0     ;
; Number of registers using Clock Enable       ; 14    ;
; Number of registers using Preset             ; 0     ;
+----------------------------------------------+-------+


+--------------------------------------------------+
; Inverted Register Statistics                     ;
+----------------------------------------+---------+
; Inverted Register                      ; Fan out ;
+----------------------------------------+---------+
; I2C:startConfig|scl_flag_raw           ; 2       ;
; I2C:startConfig|sda_flag_raw           ; 1       ;
; I2C:startConfig|sda_flag_raw~en        ; 1       ;
; Total number of inverted registers = 3 ;         ;
+----------------------------------------+---------+


+--------------------------------------------------------------------------------------------------------------------------------------------------------------------+
; Multiplexer Restructuring Statistics (Restructuring Performed)                                                                                                     ;
+--------------------+-----------+---------------+----------------------+------------------------+------------+------------------------------------------------------+
; Multiplexer Inputs ; Bus Width ; Baseline Area ; Area if Restructured ; Saving if Restructured ; Registered ; Example Multiplexer Output                           ;
+--------------------+-----------+---------------+----------------------+------------------------+------------+------------------------------------------------------+
; 3:1                ; 8 bits    ; 16 LEs        ; 0 LEs                ; 16 LEs                 ; Yes        ; |Rush3dNano|FreqDivider:slowClock|countNo[3]         ;
; 3:1                ; 12 bits   ; 24 LEs        ; 0 LEs                ; 24 LEs                 ; Yes        ; |Rush3dNano|HdmiOutput:HdmiOutput|hor_pixel_count[0] ;
; 4:1                ; 12 bits   ; 24 LEs        ; 0 LEs                ; 24 LEs                 ; Yes        ; |Rush3dNano|HdmiOutput:HdmiOutput|ver_pixel_count[0] ;
+--------------------+-----------+---------------+----------------------+------------------------+------------+------------------------------------------------------+


+---------------------------------------------------------------------------------------------------------------+
; Parameter Settings for User Entity Instance: PLL:systemClockToPixel|PLL_0002:pll_inst|altera_pll:altera_pll_i ;
+--------------------------------------+------------------------+-----------------------------------------------+
; Parameter Name                       ; Value                  ; Type                                          ;
+--------------------------------------+------------------------+-----------------------------------------------+
; reference_clock_frequency            ; 50.0 MHz               ; String                                        ;
; fractional_vco_multiplier            ; false                  ; String                                        ;
; pll_type                             ; General                ; String                                        ;
; pll_subtype                          ; General                ; String                                        ;
; number_of_clocks                     ; 4                      ; Signed Integer                                ;
; operation_mode                       ; direct                 ; String                                        ;
; deserialization_factor               ; 4                      ; Signed Integer                                ;
; data_rate                            ; 0                      ; Signed Integer                                ;
; sim_additional_refclk_cycles_to_lock ; 0                      ; Signed Integer                                ;
; output_clock_frequency0              ; 25.175000 MHz          ; String                                        ;
; phase_shift0                         ; 0 ps                   ; String                                        ;
; duty_cycle0                          ; 50                     ; Signed Integer                                ;
; output_clock_frequency1              ; 65.000000 MHz          ; String                                        ;
; phase_shift1                         ; 0 ps                   ; String                                        ;
; duty_cycle1                          ; 50                     ; Signed Integer                                ;
; output_clock_frequency2              ; 130.00000 MHz          ; String                                        ;
; phase_shift2                         ; 0 ps                   ; String                                        ;
; duty_cycle2                          ; 50                     ; Signed Integer                                ;
; output_clock_frequency3              ; 5.000000 MHz           ; String                                        ;
; phase_shift3                         ; 0 ps                   ; String                                        ;
; duty_cycle3                          ; 50                     ; Signed Integer                                ;
; output_clock_frequency4              ; 0 MHz                  ; String                                        ;
; phase_shift4                         ; 0 ps                   ; String                                        ;
; duty_cycle4                          ; 50                     ; Signed Integer                                ;
; output_clock_frequency5              ; 0 MHz                  ; String                                        ;
; phase_shift5                         ; 0 ps                   ; String                                        ;
; duty_cycle5                          ; 50                     ; Signed Integer                                ;
; output_clock_frequency6              ; 0 MHz                  ; String                                        ;
; phase_shift6                         ; 0 ps                   ; String                                        ;
; duty_cycle6                          ; 50                     ; Signed Integer                                ;
; output_clock_frequency7              ; 0 MHz                  ; String                                        ;
; phase_shift7                         ; 0 ps                   ; String                                        ;
; duty_cycle7                          ; 50                     ; Signed Integer                                ;
; output_clock_frequency8              ; 0 MHz                  ; String                                        ;
; phase_shift8                         ; 0 ps                   ; String                                        ;
; duty_cycle8                          ; 50                     ; Signed Integer                                ;
; output_clock_frequency9              ; 0 MHz                  ; String                                        ;
; phase_shift9                         ; 0 ps                   ; String                                        ;
; duty_cycle9                          ; 50                     ; Signed Integer                                ;
; output_clock_frequency10             ; 0 MHz                  ; String                                        ;
; phase_shift10                        ; 0 ps                   ; String                                        ;
; duty_cycle10                         ; 50                     ; Signed Integer                                ;
; output_clock_frequency11             ; 0 MHz                  ; String                                        ;
; phase_shift11                        ; 0 ps                   ; String                                        ;
; duty_cycle11                         ; 50                     ; Signed Integer                                ;
; output_clock_frequency12             ; 0 MHz                  ; String                                        ;
; phase_shift12                        ; 0 ps                   ; String                                        ;
; duty_cycle12                         ; 50                     ; Signed Integer                                ;
; output_clock_frequency13             ; 0 MHz                  ; String                                        ;
; phase_shift13                        ; 0 ps                   ; String                                        ;
; duty_cycle13                         ; 50                     ; Signed Integer                                ;
; output_clock_frequency14             ; 0 MHz                  ; String                                        ;
; phase_shift14                        ; 0 ps                   ; String                                        ;
; duty_cycle14                         ; 50                     ; Signed Integer                                ;
; output_clock_frequency15             ; 0 MHz                  ; String                                        ;
; phase_shift15                        ; 0 ps                   ; String                                        ;
; duty_cycle15                         ; 50                     ; Signed Integer                                ;
; output_clock_frequency16             ; 0 MHz                  ; String                                        ;
; phase_shift16                        ; 0 ps                   ; String                                        ;
; duty_cycle16                         ; 50                     ; Signed Integer                                ;
; output_clock_frequency17             ; 0 MHz                  ; String                                        ;
; phase_shift17                        ; 0 ps                   ; String                                        ;
; duty_cycle17                         ; 50                     ; Signed Integer                                ;
; clock_name_0                         ;                        ; String                                        ;
; clock_name_1                         ;                        ; String                                        ;
; clock_name_2                         ;                        ; String                                        ;
; clock_name_3                         ;                        ; String                                        ;
; clock_name_4                         ;                        ; String                                        ;
; clock_name_5                         ;                        ; String                                        ;
; clock_name_6                         ;                        ; String                                        ;
; clock_name_7                         ;                        ; String                                        ;
; clock_name_8                         ;                        ; String                                        ;
; clock_name_global_0                  ; false                  ; String                                        ;
; clock_name_global_1                  ; false                  ; String                                        ;
; clock_name_global_2                  ; false                  ; String                                        ;
; clock_name_global_3                  ; false                  ; String                                        ;
; clock_name_global_4                  ; false                  ; String                                        ;
; clock_name_global_5                  ; false                  ; String                                        ;
; clock_name_global_6                  ; false                  ; String                                        ;
; clock_name_global_7                  ; false                  ; String                                        ;
; clock_name_global_8                  ; false                  ; String                                        ;
; m_cnt_hi_div                         ; 1                      ; Signed Integer                                ;
; m_cnt_lo_div                         ; 1                      ; Signed Integer                                ;
; m_cnt_bypass_en                      ; false                  ; String                                        ;
; m_cnt_odd_div_duty_en                ; false                  ; String                                        ;
; n_cnt_hi_div                         ; 1                      ; Signed Integer                                ;
; n_cnt_lo_div                         ; 1                      ; Signed Integer                                ;
; n_cnt_bypass_en                      ; false                  ; String                                        ;
; n_cnt_odd_div_duty_en                ; false                  ; String                                        ;
; c_cnt_hi_div0                        ; 1                      ; Signed Integer                                ;
; c_cnt_lo_div0                        ; 1                      ; Signed Integer                                ;
; c_cnt_bypass_en0                     ; false                  ; String                                        ;
; c_cnt_in_src0                        ; ph_mux_clk             ; String                                        ;
; c_cnt_odd_div_duty_en0               ; false                  ; String                                        ;
; c_cnt_prst0                          ; 1                      ; Signed Integer                                ;
; c_cnt_ph_mux_prst0                   ; 0                      ; Signed Integer                                ;
; c_cnt_hi_div1                        ; 1                      ; Signed Integer                                ;
; c_cnt_lo_div1                        ; 1                      ; Signed Integer                                ;
; c_cnt_bypass_en1                     ; false                  ; String                                        ;
; c_cnt_in_src1                        ; ph_mux_clk             ; String                                        ;
; c_cnt_odd_div_duty_en1               ; false                  ; String                                        ;
; c_cnt_prst1                          ; 1                      ; Signed Integer                                ;
; c_cnt_ph_mux_prst1                   ; 0                      ; Signed Integer                                ;
; c_cnt_hi_div2                        ; 1                      ; Signed Integer                                ;
; c_cnt_lo_div2                        ; 1                      ; Signed Integer                                ;
; c_cnt_bypass_en2                     ; false                  ; String                                        ;
; c_cnt_in_src2                        ; ph_mux_clk             ; String                                        ;
; c_cnt_odd_div_duty_en2               ; false                  ; String                                        ;
; c_cnt_prst2                          ; 1                      ; Signed Integer                                ;
; c_cnt_ph_mux_prst2                   ; 0                      ; Signed Integer                                ;
; c_cnt_hi_div3                        ; 1                      ; Signed Integer                                ;
; c_cnt_lo_div3                        ; 1                      ; Signed Integer                                ;
; c_cnt_bypass_en3                     ; false                  ; String                                        ;
; c_cnt_in_src3                        ; ph_mux_clk             ; String                                        ;
; c_cnt_odd_div_duty_en3               ; false                  ; String                                        ;
; c_cnt_prst3                          ; 1                      ; Signed Integer                                ;
; c_cnt_ph_mux_prst3                   ; 0                      ; Signed Integer                                ;
; c_cnt_hi_div4                        ; 1                      ; Signed Integer                                ;
; c_cnt_lo_div4                        ; 1                      ; Signed Integer                                ;
; c_cnt_bypass_en4                     ; false                  ; String                                        ;
; c_cnt_in_src4                        ; ph_mux_clk             ; String                                        ;
; c_cnt_odd_div_duty_en4               ; false                  ; String                                        ;
; c_cnt_prst4                          ; 1                      ; Signed Integer                                ;
; c_cnt_ph_mux_prst4                   ; 0                      ; Signed Integer                                ;
; c_cnt_hi_div5                        ; 1                      ; Signed Integer                                ;
; c_cnt_lo_div5                        ; 1                      ; Signed Integer                                ;
; c_cnt_bypass_en5                     ; false                  ; String                                        ;
; c_cnt_in_src5                        ; ph_mux_clk             ; String                                        ;
; c_cnt_odd_div_duty_en5               ; false                  ; String                                        ;
; c_cnt_prst5                          ; 1                      ; Signed Integer                                ;
; c_cnt_ph_mux_prst5                   ; 0                      ; Signed Integer                                ;
; c_cnt_hi_div6                        ; 1                      ; Signed Integer                                ;
; c_cnt_lo_div6                        ; 1                      ; Signed Integer                                ;
; c_cnt_bypass_en6                     ; false                  ; String                                        ;
; c_cnt_in_src6                        ; ph_mux_clk             ; String                                        ;
; c_cnt_odd_div_duty_en6               ; false                  ; String                                        ;
; c_cnt_prst6                          ; 1                      ; Signed Integer                                ;
; c_cnt_ph_mux_prst6                   ; 0                      ; Signed Integer                                ;
; c_cnt_hi_div7                        ; 1                      ; Signed Integer                                ;
; c_cnt_lo_div7                        ; 1                      ; Signed Integer                                ;
; c_cnt_bypass_en7                     ; false                  ; String                                        ;
; c_cnt_in_src7                        ; ph_mux_clk             ; String                                        ;
; c_cnt_odd_div_duty_en7               ; false                  ; String                                        ;
; c_cnt_prst7                          ; 1                      ; Signed Integer                                ;
; c_cnt_ph_mux_prst7                   ; 0                      ; Signed Integer                                ;
; c_cnt_hi_div8                        ; 1                      ; Signed Integer                                ;
; c_cnt_lo_div8                        ; 1                      ; Signed Integer                                ;
; c_cnt_bypass_en8                     ; false                  ; String                                        ;
; c_cnt_in_src8                        ; ph_mux_clk             ; String                                        ;
; c_cnt_odd_div_duty_en8               ; false                  ; String                                        ;
; c_cnt_prst8                          ; 1                      ; Signed Integer                                ;
; c_cnt_ph_mux_prst8                   ; 0                      ; Signed Integer                                ;
; c_cnt_hi_div9                        ; 1                      ; Signed Integer                                ;
; c_cnt_lo_div9                        ; 1                      ; Signed Integer                                ;
; c_cnt_bypass_en9                     ; false                  ; String                                        ;
; c_cnt_in_src9                        ; ph_mux_clk             ; String                                        ;
; c_cnt_odd_div_duty_en9               ; false                  ; String                                        ;
; c_cnt_prst9                          ; 1                      ; Signed Integer                                ;
; c_cnt_ph_mux_prst9                   ; 0                      ; Signed Integer                                ;
; c_cnt_hi_div10                       ; 1                      ; Signed Integer                                ;
; c_cnt_lo_div10                       ; 1                      ; Signed Integer                                ;
; c_cnt_bypass_en10                    ; false                  ; String                                        ;
; c_cnt_in_src10                       ; ph_mux_clk             ; String                                        ;
; c_cnt_odd_div_duty_en10              ; false                  ; String                                        ;
; c_cnt_prst10                         ; 1                      ; Signed Integer                                ;
; c_cnt_ph_mux_prst10                  ; 0                      ; Signed Integer                                ;
; c_cnt_hi_div11                       ; 1                      ; Signed Integer                                ;
; c_cnt_lo_div11                       ; 1                      ; Signed Integer                                ;
; c_cnt_bypass_en11                    ; false                  ; String                                        ;
; c_cnt_in_src11                       ; ph_mux_clk             ; String                                        ;
; c_cnt_odd_div_duty_en11              ; false                  ; String                                        ;
; c_cnt_prst11                         ; 1                      ; Signed Integer                                ;
; c_cnt_ph_mux_prst11                  ; 0                      ; Signed Integer                                ;
; c_cnt_hi_div12                       ; 1                      ; Signed Integer                                ;
; c_cnt_lo_div12                       ; 1                      ; Signed Integer                                ;
; c_cnt_bypass_en12                    ; false                  ; String                                        ;
; c_cnt_in_src12                       ; ph_mux_clk             ; String                                        ;
; c_cnt_odd_div_duty_en12              ; false                  ; String                                        ;
; c_cnt_prst12                         ; 1                      ; Signed Integer                                ;
; c_cnt_ph_mux_prst12                  ; 0                      ; Signed Integer                                ;
; c_cnt_hi_div13                       ; 1                      ; Signed Integer                                ;
; c_cnt_lo_div13                       ; 1                      ; Signed Integer                                ;
; c_cnt_bypass_en13                    ; false                  ; String                                        ;
; c_cnt_in_src13                       ; ph_mux_clk             ; String                                        ;
; c_cnt_odd_div_duty_en13              ; false                  ; String                                        ;
; c_cnt_prst13                         ; 1                      ; Signed Integer                                ;
; c_cnt_ph_mux_prst13                  ; 0                      ; Signed Integer                                ;
; c_cnt_hi_div14                       ; 1                      ; Signed Integer                                ;
; c_cnt_lo_div14                       ; 1                      ; Signed Integer                                ;
; c_cnt_bypass_en14                    ; false                  ; String                                        ;
; c_cnt_in_src14                       ; ph_mux_clk             ; String                                        ;
; c_cnt_odd_div_duty_en14              ; false                  ; String                                        ;
; c_cnt_prst14                         ; 1                      ; Signed Integer                                ;
; c_cnt_ph_mux_prst14                  ; 0                      ; Signed Integer                                ;
; c_cnt_hi_div15                       ; 1                      ; Signed Integer                                ;
; c_cnt_lo_div15                       ; 1                      ; Signed Integer                                ;
; c_cnt_bypass_en15                    ; false                  ; String                                        ;
; c_cnt_in_src15                       ; ph_mux_clk             ; String                                        ;
; c_cnt_odd_div_duty_en15              ; false                  ; String                                        ;
; c_cnt_prst15                         ; 1                      ; Signed Integer                                ;
; c_cnt_ph_mux_prst15                  ; 0                      ; Signed Integer                                ;
; c_cnt_hi_div16                       ; 1                      ; Signed Integer                                ;
; c_cnt_lo_div16                       ; 1                      ; Signed Integer                                ;
; c_cnt_bypass_en16                    ; false                  ; String                                        ;
; c_cnt_in_src16                       ; ph_mux_clk             ; String                                        ;
; c_cnt_odd_div_duty_en16              ; false                  ; String                                        ;
; c_cnt_prst16                         ; 1                      ; Signed Integer                                ;
; c_cnt_ph_mux_prst16                  ; 0                      ; Signed Integer                                ;
; c_cnt_hi_div17                       ; 1                      ; Signed Integer                                ;
; c_cnt_lo_div17                       ; 1                      ; Signed Integer                                ;
; c_cnt_bypass_en17                    ; false                  ; String                                        ;
; c_cnt_in_src17                       ; ph_mux_clk             ; String                                        ;
; c_cnt_odd_div_duty_en17              ; false                  ; String                                        ;
; c_cnt_prst17                         ; 1                      ; Signed Integer                                ;
; c_cnt_ph_mux_prst17                  ; 0                      ; Signed Integer                                ;
; pll_vco_div                          ; 1                      ; Signed Integer                                ;
; pll_slf_rst                          ; false                  ; String                                        ;
; pll_bw_sel                           ; low                    ; String                                        ;
; pll_output_clk_frequency             ; 0 MHz                  ; String                                        ;
; pll_cp_current                       ; 0                      ; Signed Integer                                ;
; pll_bwctrl                           ; 0                      ; Signed Integer                                ;
; pll_fractional_division              ; 1                      ; Signed Integer                                ;
; pll_fractional_cout                  ; 24                     ; Signed Integer                                ;
; pll_dsm_out_sel                      ; 1st_order              ; String                                        ;
; mimic_fbclk_type                     ; gclk                   ; String                                        ;
; pll_fbclk_mux_1                      ; glb                    ; String                                        ;
; pll_fbclk_mux_2                      ; fb_1                   ; String                                        ;
; pll_m_cnt_in_src                     ; ph_mux_clk             ; String                                        ;
; pll_vcoph_div                        ; 1                      ; Signed Integer                                ;
; refclk1_frequency                    ; 0 MHz                  ; String                                        ;
; pll_clkin_0_src                      ; clk_0                  ; String                                        ;
; pll_clkin_1_src                      ; clk_0                  ; String                                        ;
; pll_clk_loss_sw_en                   ; false                  ; String                                        ;
; pll_auto_clk_sw_en                   ; false                  ; String                                        ;
; pll_manu_clk_sw_en                   ; false                  ; String                                        ;
; pll_clk_sw_dly                       ; 0                      ; Signed Integer                                ;
; pll_extclk_0_cnt_src                 ; pll_extclk_cnt_src_vss ; String                                        ;
; pll_extclk_1_cnt_src                 ; pll_extclk_cnt_src_vss ; String                                        ;
+--------------------------------------+------------------------+-----------------------------------------------+
Note: In order to hide this table in the UI and the text report file, please set the "Show Parameter Settings in Synthesis Report" option in "Analysis and Synthesis Settings -> More Settings" to "Off".


+--------------------------------------------------------------------+
; Parameter Settings for User Entity Instance: FreqDivider:slowClock ;
+------------------+---------+---------------------------------------+
; Parameter Name   ; Value   ; Type                                  ;
+------------------+---------+---------------------------------------+
; inputClockSpeed  ; 5000000 ; Signed Integer                        ;
; outputClockSpeed ; 400000  ; Signed Integer                        ;
; bitWidth         ; 8       ; Signed Integer                        ;
+------------------+---------+---------------------------------------+
Note: In order to hide this table in the UI and the text report file, please set the "Show Parameter Settings in Synthesis Report" option in "Analysis and Synthesis Settings -> More Settings" to "Off".


+--------------------------------------------------------------------+
; Parameter Settings for User Entity Instance: HdmiOutput:HdmiOutput ;
+----------------+--------------+------------------------------------+
; Parameter Name ; Value        ; Type                               ;
+----------------+--------------+------------------------------------+
; HTOTAL480      ; 001100100000 ; Unsigned Binary                    ;
; HSLEN480       ; 000001100000 ; Unsigned Binary                    ;
; HBP480         ; 000000110000 ; Unsigned Binary                    ;
; HRES480        ; 001010000000 ; Unsigned Binary                    ;
; HFP480         ; 000000010000 ; Unsigned Binary                    ;
; VTOTAL480      ; 001000001101 ; Unsigned Binary                    ;
; VSLEN480       ; 000000000010 ; Unsigned Binary                    ;
; VBP480         ; 000000100001 ; Unsigned Binary                    ;
; VRES480        ; 000111100000 ; Unsigned Binary                    ;
; VFP480         ; 000000001010 ; Unsigned Binary                    ;
; HTOTAL768      ; 010101000000 ; Unsigned Binary                    ;
; HSLEN768       ; 000010001000 ; Unsigned Binary                    ;
; HBP768         ; 000010100000 ; Unsigned Binary                    ;
; HRES768        ; 010000000000 ; Unsigned Binary                    ;
; HFP768         ; 000000011000 ; Unsigned Binary                    ;
; VTOTAL768      ; 001100100110 ; Unsigned Binary                    ;
; VSLEN768       ; 000000000110 ; Unsigned Binary                    ;
; VBP768         ; 000000011101 ; Unsigned Binary                    ;
; VRES768        ; 001100000000 ; Unsigned Binary                    ;
; VFP768         ; 000000000011 ; Unsigned Binary                    ;
; HTOTAL1080     ; 011111001111 ; Unsigned Binary                    ;
; HSLEN1080      ; 000000001100 ; Unsigned Binary                    ;
; HBP1080        ; 000000101000 ; Unsigned Binary                    ;
; HRES1080       ; 011110000000 ; Unsigned Binary                    ;
; HFP1080        ; 000000011100 ; Unsigned Binary                    ;
; VTOTAL1080     ; 010001010000 ; Unsigned Binary                    ;
; VSLEN1080      ; 000000000100 ; Unsigned Binary                    ;
; VBP1080        ; 000000010010 ; Unsigned Binary                    ;
; VRES1080       ; 010000111000 ; Unsigned Binary                    ;
; VFP1080        ; 000000000011 ; Unsigned Binary                    ;
+----------------+--------------+------------------------------------+
Note: In order to hide this table in the UI and the text report file, please set the "Show Parameter Settings in Synthesis Report" option in "Analysis and Synthesis Settings -> More Settings" to "Off".


+----------------------------------------------------+
; Port Connectivity Checks: "PLL:systemClockToPixel" ;
+------+-------+----------+--------------------------+
; Port ; Type  ; Severity ; Details                  ;
+------+-------+----------+--------------------------+
; rst  ; Input ; Info     ; Stuck at GND             ;
+------+-------+----------+--------------------------+


+-----------------------------------------------------+
; Post-Synthesis Netlist Statistics for Top Partition ;
+-----------------------+-----------------------------+
; Type                  ; Count                       ;
+-----------------------+-----------------------------+
; arriav_ff             ; 70                          ;
;     CLR               ; 16                          ;
;     CLR SCLR          ; 12                          ;
;     ENA               ; 2                           ;
;     ENA CLR SCLR      ; 12                          ;
;     SCLR              ; 13                          ;
;     plain             ; 15                          ;
; arriav_io_obuf        ; 1                           ;
; arriav_lcell_comb     ; 110                         ;
;     arith             ; 32                          ;
;         1 data inputs ; 32                          ;
;     extend            ; 3                           ;
;         7 data inputs ; 3                           ;
;     normal            ; 75                          ;
;         0 data inputs ; 2                           ;
;         2 data inputs ; 4                           ;
;         3 data inputs ; 6                           ;
;         4 data inputs ; 20                          ;
;         5 data inputs ; 20                          ;
;         6 data inputs ; 23                          ;
; boundary_port         ; 37                          ;
; generic_pll           ; 3                           ;
;                       ;                             ;
; Max LUT depth         ; 3.00                        ;
; Average LUT depth     ; 1.94                        ;
+-----------------------+-----------------------------+


+-------------------------------+
; Elapsed Time Per Partition    ;
+----------------+--------------+
; Partition Name ; Elapsed Time ;
+----------------+--------------+
; Top            ; 00:00:00     ;
+----------------+--------------+


+-------------------------------+
; Analysis & Synthesis Messages ;
+-------------------------------+
Info: *******************************************************************
Info: Running Quartus Prime Analysis & Synthesis
    Info: Version 19.1.0 Build 670 09/22/2019 SJ Lite Edition
    Info: Processing started: Mon Apr 13 09:13:21 2020
Info: Command: quartus_map --read_settings_files=on --write_settings_files=off Rush3dNano -c Rush3dNano
Warning (18236): Number of processors has not been specified which may cause overloading on shared machines.  Set the global assignment NUM_PARALLEL_PROCESSORS in your QSF to an appropriate value for best performance.
Info (20030): Parallel compilation is enabled and will use 2 of the 2 processors detected
Info (12021): Found 1 design units, including 1 entities, in source file Rush3dNano.v
    Info (12023): Found entity 1: Rush3dNano File: /home/jallan/Rush3dNano/Rush3dNano.v Line: 2
Info (12021): Found 1 design units, including 1 entities, in source file I2C.v
    Info (12023): Found entity 1: I2C File: /home/jallan/Rush3dNano/I2C.v Line: 2
Info (12021): Found 1 design units, including 1 entities, in source file HdmiOutput.v
    Info (12023): Found entity 1: HdmiOutput File: /home/jallan/Rush3dNano/HdmiOutput.v Line: 2
Info (12021): Found 1 design units, including 1 entities, in source file I2CData.v
    Info (12023): Found entity 1: I2CData File: /home/jallan/Rush3dNano/I2CData.v Line: 2
Info (12021): Found 1 design units, including 1 entities, in source file FreqDivider.v
    Info (12023): Found entity 1: FreqDivider File: /home/jallan/Rush3dNano/FreqDivider.v Line: 2
Info (12021): Found 1 design units, including 1 entities, in source file PLL.v
    Info (12023): Found entity 1: PLL File: /home/jallan/Rush3dNano/PLL.v Line: 8
Info (12021): Found 1 design units, including 1 entities, in source file PLL/PLL_0002.v
    Info (12023): Found entity 1: PLL_0002 File: /home/jallan/Rush3dNano/PLL/PLL_0002.v Line: 2
Warning (10236): Verilog HDL Implicit Net warning at Rush3dNano.v(31): created implicit net for "clock480" File: /home/jallan/Rush3dNano/Rush3dNano.v Line: 31
Warning (10236): Verilog HDL Implicit Net warning at Rush3dNano.v(32): created implicit net for "clock768" File: /home/jallan/Rush3dNano/Rush3dNano.v Line: 32
Warning (10236): Verilog HDL Implicit Net warning at Rush3dNano.v(33): created implicit net for "clock1080" File: /home/jallan/Rush3dNano/Rush3dNano.v Line: 33
Warning (10236): Verilog HDL Implicit Net warning at Rush3dNano.v(34): created implicit net for "clock5" File: /home/jallan/Rush3dNano/Rush3dNano.v Line: 34
Warning (10236): Verilog HDL Implicit Net warning at Rush3dNano.v(41): created implicit net for "clock100k" File: /home/jallan/Rush3dNano/Rush3dNano.v Line: 41
Warning (10236): Verilog HDL Implicit Net warning at Rush3dNano.v(49): created implicit net for "i2c_end" File: /home/jallan/Rush3dNano/Rush3dNano.v Line: 49
Info (12127): Elaborating entity "Rush3dNano" for the top level hierarchy
Info (12128): Elaborating entity "PLL" for hierarchy "PLL:systemClockToPixel" File: /home/jallan/Rush3dNano/Rush3dNano.v Line: 34
Info (12128): Elaborating entity "PLL_0002" for hierarchy "PLL:systemClockToPixel|PLL_0002:pll_inst" File: /home/jallan/Rush3dNano/PLL.v Line: 25
Info (12128): Elaborating entity "altera_pll" for hierarchy "PLL:systemClockToPixel|PLL_0002:pll_inst|altera_pll:altera_pll_i" File: /home/jallan/Rush3dNano/PLL/PLL_0002.v Line: 87
Info (10008): Verilog HDL or VHDL information: EDA Netlist Writer cannot regroup multidimensional array "wire_to_nowhere_64" into its bus
Info (12130): Elaborated megafunction instantiation "PLL:systemClockToPixel|PLL_0002:pll_inst|altera_pll:altera_pll_i" File: /home/jallan/Rush3dNano/PLL/PLL_0002.v Line: 87
Info (12133): Instantiated megafunction "PLL:systemClockToPixel|PLL_0002:pll_inst|altera_pll:altera_pll_i" with the following parameter: File: /home/jallan/Rush3dNano/PLL/PLL_0002.v Line: 87
    Info (12134): Parameter "fractional_vco_multiplier" = "false"
    Info (12134): Parameter "reference_clock_frequency" = "50.0 MHz"
    Info (12134): Parameter "operation_mode" = "direct"
    Info (12134): Parameter "number_of_clocks" = "4"
    Info (12134): Parameter "output_clock_frequency0" = "25.175000 MHz"
    Info (12134): Parameter "phase_shift0" = "0 ps"
    Info (12134): Parameter "duty_cycle0" = "50"
    Info (12134): Parameter "output_clock_frequency1" = "65.000000 MHz"
    Info (12134): Parameter "phase_shift1" = "0 ps"
    Info (12134): Parameter "duty_cycle1" = "50"
    Info (12134): Parameter "output_clock_frequency2" = "130.00000 MHz"
    Info (12134): Parameter "phase_shift2" = "0 ps"
    Info (12134): Parameter "duty_cycle2" = "50"
    Info (12134): Parameter "output_clock_frequency3" = "5.000000 MHz"
    Info (12134): Parameter "phase_shift3" = "0 ps"
    Info (12134): Parameter "duty_cycle3" = "50"
    Info (12134): Parameter "output_clock_frequency4" = "0 MHz"
    Info (12134): Parameter "phase_shift4" = "0 ps"
    Info (12134): Parameter "duty_cycle4" = "50"
    Info (12134): Parameter "output_clock_frequency5" = "0 MHz"
    Info (12134): Parameter "phase_shift5" = "0 ps"
    Info (12134): Parameter "duty_cycle5" = "50"
    Info (12134): Parameter "output_clock_frequency6" = "0 MHz"
    Info (12134): Parameter "phase_shift6" = "0 ps"
    Info (12134): Parameter "duty_cycle6" = "50"
    Info (12134): Parameter "output_clock_frequency7" = "0 MHz"
    Info (12134): Parameter "phase_shift7" = "0 ps"
    Info (12134): Parameter "duty_cycle7" = "50"
    Info (12134): Parameter "output_clock_frequency8" = "0 MHz"
    Info (12134): Parameter "phase_shift8" = "0 ps"
    Info (12134): Parameter "duty_cycle8" = "50"
    Info (12134): Parameter "output_clock_frequency9" = "0 MHz"
    Info (12134): Parameter "phase_shift9" = "0 ps"
    Info (12134): Parameter "duty_cycle9" = "50"
    Info (12134): Parameter "output_clock_frequency10" = "0 MHz"
    Info (12134): Parameter "phase_shift10" = "0 ps"
    Info (12134): Parameter "duty_cycle10" = "50"
    Info (12134): Parameter "output_clock_frequency11" = "0 MHz"
    Info (12134): Parameter "phase_shift11" = "0 ps"
    Info (12134): Parameter "duty_cycle11" = "50"
    Info (12134): Parameter "output_clock_frequency12" = "0 MHz"
    Info (12134): Parameter "phase_shift12" = "0 ps"
    Info (12134): Parameter "duty_cycle12" = "50"
    Info (12134): Parameter "output_clock_frequency13" = "0 MHz"
    Info (12134): Parameter "phase_shift13" = "0 ps"
    Info (12134): Parameter "duty_cycle13" = "50"
    Info (12134): Parameter "output_clock_frequency14" = "0 MHz"
    Info (12134): Parameter "phase_shift14" = "0 ps"
    Info (12134): Parameter "duty_cycle14" = "50"
    Info (12134): Parameter "output_clock_frequency15" = "0 MHz"
    Info (12134): Parameter "phase_shift15" = "0 ps"
    Info (12134): Parameter "duty_cycle15" = "50"
    Info (12134): Parameter "output_clock_frequency16" = "0 MHz"
    Info (12134): Parameter "phase_shift16" = "0 ps"
    Info (12134): Parameter "duty_cycle16" = "50"
    Info (12134): Parameter "output_clock_frequency17" = "0 MHz"
    Info (12134): Parameter "phase_shift17" = "0 ps"
    Info (12134): Parameter "duty_cycle17" = "50"
    Info (12134): Parameter "pll_type" = "General"
    Info (12134): Parameter "pll_subtype" = "General"
Info (12128): Elaborating entity "FreqDivider" for hierarchy "FreqDivider:slowClock" File: /home/jallan/Rush3dNano/Rush3dNano.v Line: 41
Info (12128): Elaborating entity "I2C" for hierarchy "I2C:startConfig" File: /home/jallan/Rush3dNano/Rush3dNano.v Line: 49
Info (12128): Elaborating entity "I2CData" for hierarchy "I2C:startConfig|I2CData:SerialData" File: /home/jallan/Rush3dNano/I2C.v Line: 25
Info (12128): Elaborating entity "HdmiOutput" for hierarchy "HdmiOutput:HdmiOutput" File: /home/jallan/Rush3dNano/Rush3dNano.v Line: 61
Warning (10036): Verilog HDL or VHDL warning at HdmiOutput.v(61): object "hor_front_porch" assigned a value but never read File: /home/jallan/Rush3dNano/HdmiOutput.v Line: 61
Warning (10036): Verilog HDL or VHDL warning at HdmiOutput.v(67): object "ver_front_porch" assigned a value but never read File: /home/jallan/Rush3dNano/HdmiOutput.v Line: 67
Warning (10036): Verilog HDL or VHDL warning at HdmiOutput.v(69): object "currentRes" assigned a value but never read File: /home/jallan/Rush3dNano/HdmiOutput.v Line: 69
Warning (10230): Verilog HDL assignment warning at HdmiOutput.v(69): truncated value with size 2 to match size of target (1) File: /home/jallan/Rush3dNano/HdmiOutput.v Line: 69
Warning (14284): Synthesized away the following node(s):
    Warning (14285): Synthesized away the following PLL node(s):
        Warning (14320): Synthesized away node "PLL:systemClockToPixel|PLL_0002:pll_inst|altera_pll:altera_pll_i|outclk_wire[1]" File: /opt/altera/19.1/quartus/libraries/megafunctions/altera_pll.v Line: 749
Warning (13004): Presettable and clearable registers converted to equivalent circuits with latches. Registers power-up to an undefined state, and DEVCLRn places the registers in an undefined state.
    Warning (13310): Register "I2C:startConfig|start_flag" is converted into an equivalent circuit using register "I2C:startConfig|start_flag~_emulated" and latch "I2C:startConfig|start_flag~1" File: /home/jallan/Rush3dNano/I2C.v Line: 14
Warning (13024): Output pins are stuck at VCC or GND
    Warning (13410): Pin "HDMI_TX[0]" is stuck at GND File: /home/jallan/Rush3dNano/Rush3dNano.v Line: 11
    Warning (13410): Pin "HDMI_TX[1]" is stuck at GND File: /home/jallan/Rush3dNano/Rush3dNano.v Line: 11
    Warning (13410): Pin "HDMI_TX[2]" is stuck at GND File: /home/jallan/Rush3dNano/Rush3dNano.v Line: 11
    Warning (13410): Pin "HDMI_TX[3]" is stuck at GND File: /home/jallan/Rush3dNano/Rush3dNano.v Line: 11
    Warning (13410): Pin "HDMI_TX[4]" is stuck at GND File: /home/jallan/Rush3dNano/Rush3dNano.v Line: 11
    Warning (13410): Pin "HDMI_TX[5]" is stuck at GND File: /home/jallan/Rush3dNano/Rush3dNano.v Line: 11
    Warning (13410): Pin "HDMI_TX[6]" is stuck at GND File: /home/jallan/Rush3dNano/Rush3dNano.v Line: 11
    Warning (13410): Pin "HDMI_TX[7]" is stuck at GND File: /home/jallan/Rush3dNano/Rush3dNano.v Line: 11
    Warning (13410): Pin "HDMI_TX[8]" is stuck at GND File: /home/jallan/Rush3dNano/Rush3dNano.v Line: 11
    Warning (13410): Pin "HDMI_TX[9]" is stuck at GND File: /home/jallan/Rush3dNano/Rush3dNano.v Line: 11
    Warning (13410): Pin "HDMI_TX[10]" is stuck at GND File: /home/jallan/Rush3dNano/Rush3dNano.v Line: 11
    Warning (13410): Pin "HDMI_TX[11]" is stuck at GND File: /home/jallan/Rush3dNano/Rush3dNano.v Line: 11
    Warning (13410): Pin "HDMI_TX[12]" is stuck at GND File: /home/jallan/Rush3dNano/Rush3dNano.v Line: 11
    Warning (13410): Pin "HDMI_TX[13]" is stuck at GND File: /home/jallan/Rush3dNano/Rush3dNano.v Line: 11
    Warning (13410): Pin "HDMI_TX[14]" is stuck at GND File: /home/jallan/Rush3dNano/Rush3dNano.v Line: 11
    Warning (13410): Pin "HDMI_TX[15]" is stuck at GND File: /home/jallan/Rush3dNano/Rush3dNano.v Line: 11
    Warning (13410): Pin "HDMI_TX[16]" is stuck at VCC File: /home/jallan/Rush3dNano/Rush3dNano.v Line: 11
    Warning (13410): Pin "HDMI_TX[17]" is stuck at VCC File: /home/jallan/Rush3dNano/Rush3dNano.v Line: 11
    Warning (13410): Pin "HDMI_TX[18]" is stuck at VCC File: /home/jallan/Rush3dNano/Rush3dNano.v Line: 11
    Warning (13410): Pin "HDMI_TX[19]" is stuck at VCC File: /home/jallan/Rush3dNano/Rush3dNano.v Line: 11
    Warning (13410): Pin "HDMI_TX[20]" is stuck at VCC File: /home/jallan/Rush3dNano/Rush3dNano.v Line: 11
    Warning (13410): Pin "HDMI_TX[21]" is stuck at VCC File: /home/jallan/Rush3dNano/Rush3dNano.v Line: 11
    Warning (13410): Pin "HDMI_TX[22]" is stuck at VCC File: /home/jallan/Rush3dNano/Rush3dNano.v Line: 11
    Warning (13410): Pin "HDMI_TX[23]" is stuck at VCC File: /home/jallan/Rush3dNano/Rush3dNano.v Line: 11
Info (286030): Timing-Driven Synthesis is running
Info (144001): Generated suppressed messages file /home/jallan/Rush3dNano/output_files/Rush3dNano.map.smsg
Info (16010): Generating hard_block partition "hard_block:auto_generated_inst"
    Info (16011): Adding 7 node(s), including 0 DDIO, 3 PLL, 0 transceiver and 0 LCELL
Warning: RST port on the PLL is not properly connected on instance PLL:systemClockToPixel|PLL_0002:pll_inst|altera_pll:altera_pll_i|general[2].gpll. The reset port on the PLL should be connected. If the PLL loses lock for any reason, you might need to manually reset the PLL in order to re-establish lock to the reference clock. File: /opt/altera/19.1/quartus/libraries/megafunctions/altera_pll.v Line: 749
    Info: Must be connected
Warning: RST port on the PLL is not properly connected on instance PLL:systemClockToPixel|PLL_0002:pll_inst|altera_pll:altera_pll_i|general[3].gpll. The reset port on the PLL should be connected. If the PLL loses lock for any reason, you might need to manually reset the PLL in order to re-establish lock to the reference clock. File: /opt/altera/19.1/quartus/libraries/megafunctions/altera_pll.v Line: 749
    Info: Must be connected
Warning: RST port on the PLL is not properly connected on instance PLL:systemClockToPixel|PLL_0002:pll_inst|altera_pll:altera_pll_i|general[0].gpll. The reset port on the PLL should be connected. If the PLL loses lock for any reason, you might need to manually reset the PLL in order to re-establish lock to the reference clock. File: /opt/altera/19.1/quartus/libraries/megafunctions/altera_pll.v Line: 749
    Info: Must be connected
Warning: OUTCLK port on the PLL is not properly connected on instance PLL:systemClockToPixel|PLL_0002:pll_inst|altera_pll:altera_pll_i|general[0].gpll. The output clock port on the PLL must be connected. File: /opt/altera/19.1/quartus/libraries/megafunctions/altera_pll.v Line: 749
    Info: Must be connected
Warning (21074): Design contains 4 input pin(s) that do not drive logic
    Warning (15610): No output dependent on input pin "SW[0]" File: /home/jallan/Rush3dNano/Rush3dNano.v Line: 5
    Warning (15610): No output dependent on input pin "SW[1]" File: /home/jallan/Rush3dNano/Rush3dNano.v Line: 5
    Warning (15610): No output dependent on input pin "SW[2]" File: /home/jallan/Rush3dNano/Rush3dNano.v Line: 5
    Warning (15610): No output dependent on input pin "SW[3]" File: /home/jallan/Rush3dNano/Rush3dNano.v Line: 5
Info (21057): Implemented 148 device resources after synthesis - the final resource count might be different
    Info (21058): Implemented 7 input pins
    Info (21059): Implemented 29 output pins
    Info (21060): Implemented 1 bidirectional pins
    Info (21061): Implemented 108 logic cells
    Info (21065): Implemented 3 PLLs
Info: Quartus Prime Analysis & Synthesis was successful. 0 errors, 50 warnings
    Info: Peak virtual memory: 987 megabytes
    Info: Processing ended: Mon Apr 13 09:13:33 2020
    Info: Elapsed time: 00:00:12
    Info: Total CPU time (on all processors): 00:00:26


+------------------------------------------+
; Analysis & Synthesis Suppressed Messages ;
+------------------------------------------+
The suppressed messages can be found in /home/jallan/Rush3dNano/output_files/Rush3dNano.map.smsg.


