Assembler report for Rush3dNano
Mon Apr 13 09:11:11 2020
Quartus Prime Version 19.1.0 Build 670 09/22/2019 SJ Lite Edition


---------------------
; Table of Contents ;
---------------------
  1. Legal Notice
  2. Assembler Summary
  3. Assembler Settings
  4. Assembler Generated Files
  5. Assembler Device Options: Rush3dNano.sof
  6. Assembler Messages



----------------
; Legal Notice ;
----------------
Copyright (C) 2019  Intel Corporation. All rights reserved.
Your use of Intel Corporation's design tools, logic functions 
and other software and tools, and any partner logic 
functions, and any output files from any of the foregoing 
(including device programming or simulation files), and any 
associated documentation or information are expressly subject 
to the terms and conditions of the Intel Program License 
Subscription Agreement, the Intel Quartus Prime License Agreement,
the Intel FPGA IP License Agreement, or other applicable license
agreement, including, without limitation, that your use is for
the sole purpose of programming logic devices manufactured by
Intel and sold by Intel or its authorized distributors.  Please
refer to the applicable agreement for further details, at
https://fpgasoftware.intel.com/eula.



+---------------------------------------------------------------+
; Assembler Summary                                             ;
+-----------------------+---------------------------------------+
; Assembler Status      ; Successful - Mon Apr 13 09:11:11 2020 ;
; Revision Name         ; Rush3dNano                            ;
; Top-level Entity Name ; Rush3dNano                            ;
; Family                ; Cyclone V                             ;
; Device                ; 5CSEBA6U23I7DK                        ;
+-----------------------+---------------------------------------+


+----------------------------------+
; Assembler Settings               ;
+--------+---------+---------------+
; Option ; Setting ; Default Value ;
+--------+---------+---------------+


+-----------------------------------------------------+
; Assembler Generated Files                           ;
+-----------------------------------------------------+
; File Name                                           ;
+-----------------------------------------------------+
; /home/jallan/Rush3dNano/output_files/Rush3dNano.sof ;
+-----------------------------------------------------+


+------------------------------------------+
; Assembler Device Options: Rush3dNano.sof ;
+----------------+-------------------------+
; Option         ; Setting                 ;
+----------------+-------------------------+
; JTAG usercode  ; 0x00B27E81              ;
; Checksum       ; 0x00B27E81              ;
+----------------+-------------------------+


+--------------------+
; Assembler Messages ;
+--------------------+
Info: *******************************************************************
Info: Running Quartus Prime Assembler
    Info: Version 19.1.0 Build 670 09/22/2019 SJ Lite Edition
    Info: Processing started: Mon Apr 13 09:11:04 2020
Info: Command: quartus_asm --read_settings_files=off --write_settings_files=off Rush3dNano -c Rush3dNano
Warning (18236): Number of processors has not been specified which may cause overloading on shared machines.  Set the global assignment NUM_PARALLEL_PROCESSORS in your QSF to an appropriate value for best performance.
Info (115030): Assembler is generating device programming files
Info: Quartus Prime Assembler was successful. 0 errors, 1 warning
    Info: Peak virtual memory: 964 megabytes
    Info: Processing ended: Mon Apr 13 09:11:11 2020
    Info: Elapsed time: 00:00:07
    Info: Total CPU time (on all processors): 00:00:07


