Info: Starting: Create block symbol file (.bsf)
Info: qsys-generate C:\Users\matt\Documents\aliceCutdown-20200512T042630Z-001\aliceCutdown\soc_system.qsys --block-symbol-file --output-directory=C:\Users\matt\Documents\aliceCutdown-20200512T042630Z-001\aliceCutdown\soc_system --family="Cyclone V" --part=5CSEBA6U23I7DK
Progress: Loading aliceCutdown/soc_system.qsys
Progress: Reading input file
Progress: Adding clk_0 [clock_source 18.1]
Progress: Parameterizing module clk_0
Progress: Adding hps_0 [altera_hps 18.1]
Progress: Parameterizing module hps_0
Progress: Building connections
Progress: Parameterizing connections
Progress: Validating
Progress: Done reading input file
Info: soc_system.hps_0: HPS Main PLL counter settings: n = 0  m = 63
Info: soc_system.hps_0: HPS peripherial PLL counter settings: n = 0  m = 39
Warning: soc_system.hps_0: set_interface_assignment: Interface "hps_io" does not exist
Warning: soc_system.: You have exported the interface hps_0.f2h_sdram0_data but not its associated reset interface.  Export the driver(s) of hps_0.h2f_reset
Warning: soc_system.: You have exported the interface hps_0.f2h_sdram1_data but not its associated reset interface.  Export the driver(s) of hps_0.h2f_reset
Warning: soc_system.: You have exported the interface hps_0.f2h_sdram2_data but not its associated reset interface.  Export the driver(s) of hps_0.h2f_reset
Info: qsys-generate succeeded.
Info: Finished: Create block symbol file (.bsf)
Info: 
Info: Starting: Create HDL design files for synthesis
Info: qsys-generate C:\Users\matt\Documents\aliceCutdown-20200512T042630Z-001\aliceCutdown\soc_system.qsys --synthesis=VERILOG --output-directory=C:\Users\matt\Documents\aliceCutdown-20200512T042630Z-001\aliceCutdown\soc_system\synthesis --family="Cyclone V" --part=5CSEBA6U23I7DK
Progress: Loading aliceCutdown/soc_system.qsys
Progress: Reading input file
Progress: Adding clk_0 [clock_source 18.1]
Progress: Parameterizing module clk_0
Progress: Adding hps_0 [altera_hps 18.1]
Progress: Parameterizing module hps_0
Progress: Building connections
Progress: Parameterizing connections
Progress: Validating
Progress: Done reading input file
Info: soc_system.hps_0: HPS Main PLL counter settings: n = 0  m = 63
Info: soc_system.hps_0: HPS peripherial PLL counter settings: n = 0  m = 39
Warning: soc_system.hps_0: set_interface_assignment: Interface "hps_io" does not exist
Warning: soc_system.: You have exported the interface hps_0.f2h_sdram0_data but not its associated reset interface.  Export the driver(s) of hps_0.h2f_reset
Warning: soc_system.: You have exported the interface hps_0.f2h_sdram1_data but not its associated reset interface.  Export the driver(s) of hps_0.h2f_reset
Warning: soc_system.: You have exported the interface hps_0.f2h_sdram2_data but not its associated reset interface.  Export the driver(s) of hps_0.h2f_reset
Info: soc_system: Generating soc_system "soc_system" for QUARTUS_SYNTH
Info: hps_0: "Running  for module: hps_0"
Info: hps_0: HPS Main PLL counter settings: n = 0  m = 63
Info: hps_0: HPS peripherial PLL counter settings: n = 0  m = 39
Warning: hps_0: set_interface_assignment: Interface "hps_io" does not exist
Info: hps_0: "soc_system" instantiated altera_hps "hps_0"
Info: fpga_interfaces: "hps_0" instantiated altera_interface_generator "fpga_interfaces"
Info: hps_io: "hps_0" instantiated altera_hps_io "hps_io"
Info: border: "hps_io" instantiated altera_interface_generator "border"
Info: soc_system: Done "soc_system" with 5 modules, 48 files
Info: qsys-generate succeeded.
Info: Finished: Create HDL design files for synthesis
